<?xml version="1.0" encoding="UTF-8"?>
<testng-results skipped="0" failed="0" ignored="0" total="1" passed="1">
  <reporter-output>
  </reporter-output>
  <suite name="Default suite" duration-ms="374558" started-at="2017-12-20T01:42:47Z" finished-at="2017-12-20T01:49:01Z">
    <groups>
    </groups>
    <test name="Default test" duration-ms="374558" started-at="2017-12-20T01:42:47Z" finished-at="2017-12-20T01:49:01Z">
      <class name="com.rest.XeroTest.AutomationScripts">
        <test-method status="PASS" signature="tests()[pri:0, instance:com.rest.XeroTest.AutomationScripts@4b9e13df]" name="tests" duration-ms="374540" started-at="2017-12-19T17:42:47Z" finished-at="2017-12-19T17:49:01Z">
          <reporter-output>
          </reporter-output>
        </test-method> <!-- tests -->
      </class> <!-- com.rest.XeroTest.AutomationScripts -->
    </test> <!-- Default test -->
  </suite> <!-- Default suite -->
</testng-results>
